<html xmlns:math="http://exslt.org/math" xmlns:testng="http://testng.org">
   <head>
      <title>TestNG Results</title>
      <meta http-equiv="content-type" content="text/html; charset=utf-8"></meta>
      <meta http-equiv="pragma" content="no-cache"></meta>
      <meta http-equiv="cache-control" content="max-age=0"></meta>
      <meta http-equiv="cache-control" content="no-cache"></meta>
      <meta http-equiv="cache-control" content="no-store"></meta>
      <LINK rel="stylesheet" href="style.css"></LINK>
      <script type="text/javascript" src="main.js"></script>
   </head>
   <body>
      <table width="100%" style="font-size: 16px; margin-bottom: 10px;" cellspacing="1">
         <tr>
            <td width="100%">
               Test case
               
               <b>VerifyYouTubeFunctionality</b>
            </td>
            <td style="background-color: #FFBBBB; padding: 3px 3px 3px 0;" align="center">
               <div style="width: 50px;">0</div>
            </td>
            <td style="background-color: lightgreen; padding: 3px 3px 3px 0;" align="center">
               <div style="width: 50px;">0</div>
            </td>
            <td style="background-color: #FFFFBB; padding: 3px 3px 3px 0;" align="center">
               <div style="width: 50px;">1</div>
            </td>
            <td align="center" style="background-color: #eaf0f7; padding: 3px 3px 3px 0;">
               <div style="width: 50px;">1</div>
            </td>
            <td align="center"
                style="font-weight: bold; background-color: #eaf0f7; padding: 3px 3px 3px 0;">
               <div style="width: 50px;">0%</div>
            </td>
            <td style="background-color: #eaf0f7; padding: 3px 3px 3px 0;" align="center"
                nowrap="true">4s
               
            </td>
         </tr>
      </table>
      <div style="width: 200px;">
         <label for="groupMethodsCheckBox" style="font-weight: bold; margin: 0;">
            <input id="groupMethodsCheckBox" type="checkbox" onclick="switchTestMethodsView(this)"
                   checked=""></input>
            Group by class
            
         </label>
         <br></br>
         <label for="methodsFilter_ALL" style="font-weight: bold; margin: 0;">
            <input id="methodsFilter_ALL" type="checkbox"
                   onclick="testMethodsFilterChanged(this, 'ALL')"
                   checked=""></input>
            All
            
         </label>
      </div>
      <label for="methodsFilter_FAIL" style="margin-left: 20px;">
         <input id="methodsFilter_FAIL" type="checkbox"
                onclick="testMethodsFilterChanged(this, 'FAIL')"
                checked=""></input>
         Failed
         
      </label>
      <label for="methodsFilter_PASS">
         <input id="methodsFilter_PASS" type="checkbox"
                onclick="testMethodsFilterChanged(this, 'PASS')"
                checked=""></input>
         Passed
         
      </label>
      <label for="methodsFilter_SKIP">
         <input id="methodsFilter_SKIP" type="checkbox"
                onclick="testMethodsFilterChanged(this, 'SKIP')"
                checked=""></input>
         Skipped
         
      </label>
      <label for="methodsFilter_CONF">
         <input id="methodsFilter_CONF" type="checkbox"
                onclick="testMethodsFilterChanged(this, 'CONF')"
                checked=""></input>
         Config
         
      </label>
      <br></br>
      <div id="testMethodsByStatus" style="display: none;">
         <table class="testMethodsTable" cellpadding="0" cellspacing="0">
            <tr class="methodsTableHeader">
               <td width="100%">Name</td>
               <td nowrap="true">Started</td>
               <td nowrap="true">Duration</td>
               <td>Exception</td>
            </tr>
            <tr id="com.umbrella.Amazon.GenericTests.VerifyVariousListBox_launchBrowser_byStatus_passed_PASS1_row"
                class="testMethodStatusPASS testMethodStatusCONF">
               <td width="100%" class="firstMethodCell">
                  <a onclick="toggleDetailsVisibility('com.umbrella.Amazon.GenericTests.VerifyVariousListBox_launchBrowser_byStatus_passed_PASS1_details')">launchBrowser()</a>
               </td>
               <td nowrap="true">17:27:17</td>
               <td nowrap="true" align="right">4s
                  
               </td>
               <td nowrap="true">
                   
                  
               </td>
            </tr>
            <tr>
               <td colspan="4" class="detailsBox">
                  <div id="com.umbrella.Amazon.GenericTests.VerifyVariousListBox_launchBrowser_byStatus_passed_PASS1_details"
                       class="testMethodDetails">
                     <div>
                        <b>Name: </b>launchBrowser
                     </div>
                     <div>
                        <b>Signature: </b>launchBrowser()[pri:0, instance:com.umbrella.Amazon.GenericTests.VerifyVariousListBox@b59d31]
                     </div>
                     <div>
                        <b>Start time: </b>17:27:17
                     </div>
                     <div>
                        <b>End time: </b>17:27:21
                     </div>
                     <div>
                        <b>Duration: </b>4s
                        
                     </div>
                  </div>
               </td>
            </tr>
            <tr></tr>
            <tr id="com.umbrella.Amazon.GenericTests.VerifyVariousListBox_endTest_byStatus_passed_PASS2_row"
                class="testMethodStatusPASS testMethodStatusCONF">
               <td width="100%" class="firstMethodCell">
                  <a onclick="toggleDetailsVisibility('com.umbrella.Amazon.GenericTests.VerifyVariousListBox_endTest_byStatus_passed_PASS2_details')">endTest()</a>
               </td>
               <td nowrap="true">17:27:21</td>
               <td nowrap="true" align="right">120 ms
                  
               </td>
               <td nowrap="true">
                   
                  
               </td>
            </tr>
            <tr>
               <td colspan="4" class="detailsBox">
                  <div id="com.umbrella.Amazon.GenericTests.VerifyVariousListBox_endTest_byStatus_passed_PASS2_details"
                       class="testMethodDetails">
                     <div>
                        <b>Name: </b>endTest
                     </div>
                     <div>
                        <b>Signature: </b>endTest()[pri:0, instance:com.umbrella.Amazon.GenericTests.VerifyVariousListBox@b59d31]
                     </div>
                     <div>
                        <b>Start time: </b>17:27:21
                     </div>
                     <div>
                        <b>End time: </b>17:27:21
                     </div>
                     <div>
                        <b>Duration: </b>120 ms
                        
                     </div>
                  </div>
               </td>
            </tr>
            <tr></tr>
            <tr id="com.umbrella.Amazon.GenericTests.VerifyVariousListBox_verifyDataListFilter_byStatus_skiped_SKIP1_row"
                class="testMethodStatusSKIP">
               <td width="100%" class="firstMethodCell">
                  <a onclick="toggleDetailsVisibility('com.umbrella.Amazon.GenericTests.VerifyVariousListBox_verifyDataListFilter_byStatus_skiped_SKIP1_details')">verifyDataListFilter()</a>
               </td>
               <td nowrap="true">17:27:21</td>
               <td nowrap="true" align="right">0 ms
                  
               </td>
               <td nowrap="true">
                  <a onclick="toggleDetailsVisibility('com.umbrella.Amazon.GenericTests.VerifyVariousListBox_verifyDataListFilter_byStatus_skiped_SKIP1_exception')">java.lang.RuntimeException: 
                     java.io.FileNotFoundException: D:\loginsheet.xlsx (No such file or directory)
                     
                  </a>
                   
                  
               </td>
            </tr>
            <tr>
               <td colspan="4" class="detailsBox">
                  <div id="com.umbrella.Amazon.GenericTests.VerifyVariousListBox_verifyDataListFilter_byStatus_skiped_SKIP1_details"
                       class="testMethodDetails">
                     <div>
                        <b>Name: </b>verifyDataListFilter
                     </div>
                     <div>
                        <b>Signature: </b>verifyDataListFilter(java.lang.String)[pri:0, instance:com.umbrella.Amazon.GenericTests.VerifyVariousListBox@b59d31]
                     </div>
                     <div>
                        <b>Start time: </b>17:27:21
                     </div>
                     <div>
                        <b>End time: </b>17:27:21
                     </div>
                     <div>
                        <b>Duration: </b>0 ms
                        
                     </div>
                  </div>
               </td>
            </tr>
            <tr>
               <td colspan="4" class="detailsBox">
                  <div id="com.umbrella.Amazon.GenericTests.VerifyVariousListBox_verifyDataListFilter_byStatus_skiped_SKIP1_exception"
                       class="testMethodDetails">
                     <pre style="padding: 5px; margin: 0;">java.lang.RuntimeException: java.io.FileNotFoundException: D:\loginsheet.xlsx (No such file or directory)at org.testng.internal.MethodInvocationHelper.invokeMethodNoCheckedException(MethodInvocationHelper.java:49)at
                        org.testng.internal.MethodInvocationHelper.invokeDataProvider(MethodInvocationHelper.java:131)at org.testng.internal.Parameters.handleParameters(Parameters.java:706)at
                        org.testng.internal.ParameterHandler.handleParameters(ParameterHandler.java:49)at org.testng.internal.ParameterHandler.createParameters(ParameterHandler.java:37)at
                        org.testng.internal.Invoker.invokeTestMethods(Invoker.java:914)at org.testng.internal.TestMethodWorker.invokeTestMethods(TestMethodWorker.java:125)at
                        org.testng.internal.TestMethodWorker.run(TestMethodWorker.java:109)at org.testng.TestRunner.privateRun(TestRunner.java:648)at
                        org.testng.TestRunner.run(TestRunner.java:505)at org.testng.SuiteRunner.runTest(SuiteRunner.java:455)at org.testng.SuiteRunner.access$000(SuiteRunner.java:40)at
                        org.testng.SuiteRunner$SuiteWorker.run(SuiteRunner.java:489)at org.testng.internal.thread.ThreadUtil$1.call(ThreadUtil.java:52)at
                        java.util.concurrent.FutureTask.run(FutureTask.java:266)at java.util.concurrent.ThreadPoolExecutor.runWorker(ThreadPoolExecutor.java:1149)at
                        java.util.concurrent.ThreadPoolExecutor$Worker.run(ThreadPoolExecutor.java:624)at java.lang.Thread.run(Thread.java:748)Caused
                        by: java.io.FileNotFoundException: D:\loginsheet.xlsx (No such file or directory)at java.io.FileInputStream.open0(Native Method)at
                        java.io.FileInputStream.open(FileInputStream.java:195)at java.io.FileInputStream.&lt;init&gt;(FileInputStream.java:138)at java.io.FileInputStream.&lt;init&gt;(FileInputStream.java:93)at
                        com.umbrella.Amazon.DataProviders.Ecxel_API.&lt;init&gt;(Ecxel_API.java:32)at com.umbrella.Amazon.GenericTests.VerifyVariousListBox.userFormData(VerifyVariousListBox.java:28)at
                        sun.reflect.NativeMethodAccessorImpl.invoke0(Native Method)at sun.reflect.NativeMethodAccessorImpl.invoke(NativeMethodAccessorImpl.java:62)at
                        sun.reflect.DelegatingMethodAccessorImpl.invoke(DelegatingMethodAccessorImpl.java:43)at java.lang.reflect.Method.invoke(Method.java:498)at
                        org.testng.internal.MethodInvocationHelper.invokeMethod(MethodInvocationHelper.java:124)at org.testng.internal.MethodInvocationHelper.invokeMethod(MethodInvocationHelper.java:74)at
                        org.testng.internal.MethodInvocationHelper.invokeMethodNoCheckedException(MethodInvocationHelper.java:45)... 17 more
                     </pre>
                  </div>
               </td>
            </tr>
         </table>
      </div>
      <div id="testMethodsByClass">
         <table class="testMethodsTable" cellpadding="0" cellspacing="0">
            <tr>
               <td colspan="4">
                  <h3 style="display: inline;">com.umbrella.Amazon.GenericTests.VerifyVariousListBox</h3>
               </td>
            </tr>
            <tr class="methodsTableHeader">
               <td width="100%">Name</td>
               <td nowrap="true">Started</td>
               <td nowrap="true">Duration</td>
               <td>Exception</td>
            </tr>
            <tr id="com.umbrella.Amazon.GenericTests.VerifyVariousListBox_launchBrowser_byClass_PASS1_row"
                class="testMethodStatusPASS testMethodStatusCONF">
               <td width="100%" class="firstMethodCell">
                  <a onclick="toggleDetailsVisibility('com.umbrella.Amazon.GenericTests.VerifyVariousListBox_launchBrowser_byClass_PASS1_details')">launchBrowser()</a>
               </td>
               <td nowrap="true">17:27:17</td>
               <td nowrap="true" align="right">4s
                  
               </td>
               <td nowrap="true">
                   
                  
               </td>
            </tr>
            <tr>
               <td colspan="4" class="detailsBox">
                  <div id="com.umbrella.Amazon.GenericTests.VerifyVariousListBox_launchBrowser_byClass_PASS1_details"
                       class="testMethodDetails">
                     <div>
                        <b>Name: </b>launchBrowser
                     </div>
                     <div>
                        <b>Signature: </b>launchBrowser()[pri:0, instance:com.umbrella.Amazon.GenericTests.VerifyVariousListBox@b59d31]
                     </div>
                     <div>
                        <b>Start time: </b>17:27:17
                     </div>
                     <div>
                        <b>End time: </b>17:27:21
                     </div>
                     <div>
                        <b>Duration: </b>4s
                        
                     </div>
                  </div>
               </td>
            </tr>
            <tr></tr>
            <tr id="com.umbrella.Amazon.GenericTests.VerifyVariousListBox_verifyDataListFilter_byClass_SKIP2_row"
                class="testMethodStatusSKIP">
               <td width="100%" class="firstMethodCell">
                  <a onclick="toggleDetailsVisibility('com.umbrella.Amazon.GenericTests.VerifyVariousListBox_verifyDataListFilter_byClass_SKIP2_details')">verifyDataListFilter()</a>
               </td>
               <td nowrap="true">17:27:21</td>
               <td nowrap="true" align="right">0 ms
                  
               </td>
               <td nowrap="true">
                  <a onclick="toggleDetailsVisibility('com.umbrella.Amazon.GenericTests.VerifyVariousListBox_verifyDataListFilter_byClass_SKIP2_exception')">java.lang.RuntimeException: 
                     java.io.FileNotFoundException: D:\loginsheet.xlsx (No such file or directory)
                     
                  </a>
                   
                  
               </td>
            </tr>
            <tr>
               <td colspan="4" class="detailsBox">
                  <div id="com.umbrella.Amazon.GenericTests.VerifyVariousListBox_verifyDataListFilter_byClass_SKIP2_details"
                       class="testMethodDetails">
                     <div>
                        <b>Name: </b>verifyDataListFilter
                     </div>
                     <div>
                        <b>Signature: </b>verifyDataListFilter(java.lang.String)[pri:0, instance:com.umbrella.Amazon.GenericTests.VerifyVariousListBox@b59d31]
                     </div>
                     <div>
                        <b>Start time: </b>17:27:21
                     </div>
                     <div>
                        <b>End time: </b>17:27:21
                     </div>
                     <div>
                        <b>Duration: </b>0 ms
                        
                     </div>
                  </div>
               </td>
            </tr>
            <tr>
               <td colspan="4" class="detailsBox">
                  <div id="com.umbrella.Amazon.GenericTests.VerifyVariousListBox_verifyDataListFilter_byClass_SKIP2_exception"
                       class="testMethodDetails">
                     <pre style="padding: 5px; margin: 0;">java.lang.RuntimeException: java.io.FileNotFoundException: D:\loginsheet.xlsx (No such file or directory)at org.testng.internal.MethodInvocationHelper.invokeMethodNoCheckedException(MethodInvocationHelper.java:49)at
                        org.testng.internal.MethodInvocationHelper.invokeDataProvider(MethodInvocationHelper.java:131)at org.testng.internal.Parameters.handleParameters(Parameters.java:706)at
                        org.testng.internal.ParameterHandler.handleParameters(ParameterHandler.java:49)at org.testng.internal.ParameterHandler.createParameters(ParameterHandler.java:37)at
                        org.testng.internal.Invoker.invokeTestMethods(Invoker.java:914)at org.testng.internal.TestMethodWorker.invokeTestMethods(TestMethodWorker.java:125)at
                        org.testng.internal.TestMethodWorker.run(TestMethodWorker.java:109)at org.testng.TestRunner.privateRun(TestRunner.java:648)at
                        org.testng.TestRunner.run(TestRunner.java:505)at org.testng.SuiteRunner.runTest(SuiteRunner.java:455)at org.testng.SuiteRunner.access$000(SuiteRunner.java:40)at
                        org.testng.SuiteRunner$SuiteWorker.run(SuiteRunner.java:489)at org.testng.internal.thread.ThreadUtil$1.call(ThreadUtil.java:52)at
                        java.util.concurrent.FutureTask.run(FutureTask.java:266)at java.util.concurrent.ThreadPoolExecutor.runWorker(ThreadPoolExecutor.java:1149)at
                        java.util.concurrent.ThreadPoolExecutor$Worker.run(ThreadPoolExecutor.java:624)at java.lang.Thread.run(Thread.java:748)Caused
                        by: java.io.FileNotFoundException: D:\loginsheet.xlsx (No such file or directory)at java.io.FileInputStream.open0(Native Method)at
                        java.io.FileInputStream.open(FileInputStream.java:195)at java.io.FileInputStream.&lt;init&gt;(FileInputStream.java:138)at java.io.FileInputStream.&lt;init&gt;(FileInputStream.java:93)at
                        com.umbrella.Amazon.DataProviders.Ecxel_API.&lt;init&gt;(Ecxel_API.java:32)at com.umbrella.Amazon.GenericTests.VerifyVariousListBox.userFormData(VerifyVariousListBox.java:28)at
                        sun.reflect.NativeMethodAccessorImpl.invoke0(Native Method)at sun.reflect.NativeMethodAccessorImpl.invoke(NativeMethodAccessorImpl.java:62)at
                        sun.reflect.DelegatingMethodAccessorImpl.invoke(DelegatingMethodAccessorImpl.java:43)at java.lang.reflect.Method.invoke(Method.java:498)at
                        org.testng.internal.MethodInvocationHelper.invokeMethod(MethodInvocationHelper.java:124)at org.testng.internal.MethodInvocationHelper.invokeMethod(MethodInvocationHelper.java:74)at
                        org.testng.internal.MethodInvocationHelper.invokeMethodNoCheckedException(MethodInvocationHelper.java:45)... 17 more
                     </pre>
                  </div>
               </td>
            </tr>
            <tr id="com.umbrella.Amazon.GenericTests.VerifyVariousListBox_endTest_byClass_PASS3_row"
                class="testMethodStatusPASS testMethodStatusCONF">
               <td width="100%" class="firstMethodCell">
                  <a onclick="toggleDetailsVisibility('com.umbrella.Amazon.GenericTests.VerifyVariousListBox_endTest_byClass_PASS3_details')">endTest()</a>
               </td>
               <td nowrap="true">17:27:21</td>
               <td nowrap="true" align="right">120 ms
                  
               </td>
               <td nowrap="true">
                   
                  
               </td>
            </tr>
            <tr>
               <td colspan="4" class="detailsBox">
                  <div id="com.umbrella.Amazon.GenericTests.VerifyVariousListBox_endTest_byClass_PASS3_details"
                       class="testMethodDetails">
                     <div>
                        <b>Name: </b>endTest
                     </div>
                     <div>
                        <b>Signature: </b>endTest()[pri:0, instance:com.umbrella.Amazon.GenericTests.VerifyVariousListBox@b59d31]
                     </div>
                     <div>
                        <b>Start time: </b>17:27:21
                     </div>
                     <div>
                        <b>End time: </b>17:27:21
                     </div>
                     <div>
                        <b>Duration: </b>120 ms
                        
                     </div>
                  </div>
               </td>
            </tr>
            <tr></tr>
         </table>
         <br></br>
      </div>
      <div style="margin-top: 15px; color: gray; text-align: center; font-size: 9px;">
         Generated with
         
         <a href="http://code.google.com/p/testng-xslt/" style="color: #8888aa;"
            target="_blank">
            TestNG XSLT
            
         </a>
      </div>
   </body>
</html>